0 info it worked if it ends with ok
1 verbose cli [ 'C:\\Program Files\\nodejs\\node.exe',
1 verbose cli   'C:\\Program Files\\nodejs\\node_modules\\npm\\bin\\npm-cli.js',
1 verbose cli   'install',
1 verbose cli   'npm@latest',
1 verbose cli   '-g' ]
2 info using npm@3.10.10
3 info using node@v6.11.4
4 silly loadCurrentTree Starting
5 silly install loadCurrentTree
6 silly install readGlobalPackageData
7 silly fetchPackageMetaData npm@latest
8 silly fetchNamedPackageData npm
9 silly mapToRegistry name npm
10 silly mapToRegistry using default registry
11 silly mapToRegistry registry https://registry.npmjs.org/
12 silly mapToRegistry data Result {
12 silly mapToRegistry   raw: 'npm',
12 silly mapToRegistry   scope: null,
12 silly mapToRegistry   escapedName: 'npm',
12 silly mapToRegistry   name: 'npm',
12 silly mapToRegistry   rawSpec: '',
12 silly mapToRegistry   spec: 'latest',
12 silly mapToRegistry   type: 'tag' }
13 silly mapToRegistry uri https://registry.npmjs.org/npm
14 verbose request uri https://registry.npmjs.org/npm
15 verbose request no auth needed
16 info attempt registry request try #1 at 1:59:29 PM
17 verbose request id a22ffccc8cc57942
18 http request GET https://registry.npmjs.org/npm
19 info retry will retry, error on last attempt: Error: write EPROTO 101057795:error:14077419:SSL routines:SSL23_GET_SERVER_HELLO:tlsv1 alert access denied:openssl\ssl\s23_clnt.c:772:
20 info attempt registry request try #2 at 1:59:40 PM
21 http request GET https://registry.npmjs.org/npm
22 info retry will retry, error on last attempt: Error: write EPROTO 101057795:error:14077419:SSL routines:SSL23_GET_SERVER_HELLO:tlsv1 alert access denied:openssl\ssl\s23_clnt.c:772:
23 info attempt registry request try #3 at 2:00:40 PM
24 http request GET https://registry.npmjs.org/npm
25 silly fetchPackageMetaData Error: write EPROTO 101057795:error:14077419:SSL routines:SSL23_GET_SERVER_HELLO:tlsv1 alert access denied:openssl\ssl\s23_clnt.c:772:
25 silly fetchPackageMetaData
25 silly fetchPackageMetaData     at exports._errnoException (util.js:1020:11)
25 silly fetchPackageMetaData     at WriteWrap.afterWrite (net.js:800:14)
25 silly fetchPackageMetaData  error for npm@latest { Error: write EPROTO 101057795:error:14077419:SSL routines:SSL23_GET_SERVER_HELLO:tlsv1 alert access denied:openssl\ssl\s23_clnt.c:772:
25 silly fetchPackageMetaData
25 silly fetchPackageMetaData     at exports._errnoException (util.js:1020:11)
25 silly fetchPackageMetaData     at WriteWrap.afterWrite (net.js:800:14) code: 'EPROTO', errno: 'EPROTO', syscall: 'write' }
26 silly rollbackFailedOptional Starting
27 silly rollbackFailedOptional Finishing
28 silly runTopLevelLifecycles Finishing
29 silly install printInstalled
30 verbose stack Error: write EPROTO 101057795:error:14077419:SSL routines:SSL23_GET_SERVER_HELLO:tlsv1 alert access denied:openssl\ssl\s23_clnt.c:772:
30 verbose stack
30 verbose stack     at exports._errnoException (util.js:1020:11)
30 verbose stack     at WriteWrap.afterWrite (net.js:800:14)
31 verbose cwd C:\Users\huanri\work
32 error Windows_NT 10.0.14393
33 error argv "C:\\Program Files\\nodejs\\node.exe" "C:\\Program Files\\nodejs\\node_modules\\npm\\bin\\npm-cli.js" "install" "npm@latest" "-g"
34 error node v6.11.4
35 error npm  v3.10.10
36 error code EPROTO
37 error errno EPROTO
38 error syscall write
39 error write EPROTO 101057795:error:14077419:SSL routines:SSL23_GET_SERVER_HELLO:tlsv1 alert access denied:openssl\ssl\s23_clnt.c:772:
40 error If you need help, you may report this error at:
40 error     <https://github.com/npm/npm/issues>
41 verbose exit [ 1, true ]
